2025-07-25T14:16:58.675Z CLI debug [testhub:service]     loaded module: _0x3fb340
2025-07-25T14:16:58.675Z CLI debug [instrumentation:service]     loaded module: instrumentation:module
2025-07-25T14:16:58.675Z CLI debug [observability:service]     loaded module: observability:module
2025-07-25T14:16:58.676Z CLI debug [accessibility:service]     loaded module: accessibility:module
2025-07-25T14:16:58.676Z CLI debug [ai:service]     loaded module: _0x1f4d92
2025-07-25T14:16:58.676Z CLI debug [percy:service]     loaded module: _0x35feb0
2025-07-25T14:16:58.677Z CLI debug [local:service]     loaded module: _0xe6a78a
2025-07-25T14:16:58.677Z CLI debug [appautomate:service]     loaded module: appautomate:module
2025-07-25T14:16:58.752Z CLI debug [main]     Starting main function execution
2025-07-25T14:16:58.753Z CLI debug [main]     Executing CLI
2025-07-25T14:36:09.850Z CLI debug [testhub:service]     loaded module: _0x3fb340
2025-07-25T14:36:09.850Z CLI debug [instrumentation:service]     loaded module: instrumentation:module
2025-07-25T14:36:09.851Z CLI debug [observability:service]     loaded module: observability:module
2025-07-25T14:36:09.851Z CLI debug [accessibility:service]     loaded module: accessibility:module
2025-07-25T14:36:09.851Z CLI debug [ai:service]     loaded module: _0x1f4d92
2025-07-25T14:36:09.852Z CLI debug [percy:service]     loaded module: _0x35feb0
2025-07-25T14:36:09.853Z CLI debug [local:service]     loaded module: _0xe6a78a
2025-07-25T14:36:09.853Z CLI debug [appautomate:service]     loaded module: appautomate:module
2025-07-25T14:36:09.940Z CLI debug [main]     Starting main function execution
2025-07-25T14:36:09.942Z CLI debug [main]     Executing CLI
2025-07-25T14:38:59.114Z CLI debug [testhub:service]     loaded module: _0x3fb340
2025-07-25T14:38:59.114Z CLI debug [instrumentation:service]     loaded module: instrumentation:module
2025-07-25T14:38:59.115Z CLI debug [observability:service]     loaded module: observability:module
2025-07-25T14:38:59.115Z CLI debug [accessibility:service]     loaded module: accessibility:module
2025-07-25T14:38:59.116Z CLI debug [ai:service]     loaded module: _0x1f4d92
2025-07-25T14:38:59.116Z CLI debug [percy:service]     loaded module: _0x35feb0
2025-07-25T14:38:59.117Z CLI debug [local:service]     loaded module: _0xe6a78a
2025-07-25T14:38:59.117Z CLI debug [appautomate:service]     loaded module: appautomate:module
2025-07-25T14:38:59.188Z CLI debug [main]     Starting main function execution
2025-07-25T14:38:59.189Z CLI debug [main]     Executing CLI
2025-07-25T14:40:46.621Z CLI debug [testhub:service]     loaded module: _0x3fb340
2025-07-25T14:40:46.622Z CLI debug [instrumentation:service]     loaded module: instrumentation:module
2025-07-25T14:40:46.622Z CLI debug [observability:service]     loaded module: observability:module
2025-07-25T14:40:46.622Z CLI debug [accessibility:service]     loaded module: accessibility:module
2025-07-25T14:40:46.623Z CLI debug [ai:service]     loaded module: _0x1f4d92
2025-07-25T14:40:46.623Z CLI debug [percy:service]     loaded module: _0x35feb0
2025-07-25T14:40:46.624Z CLI debug [local:service]     loaded module: _0xe6a78a
2025-07-25T14:40:46.624Z CLI debug [appautomate:service]     loaded module: appautomate:module
2025-07-25T14:40:46.696Z CLI debug [main]     Starting main function execution
2025-07-25T14:40:46.697Z CLI debug [main]     Executing CLI
2025-07-25T14:43:18.226Z CLI debug [testhub:service]     loaded module: _0x3fb340
2025-07-25T14:43:18.227Z CLI debug [instrumentation:service]     loaded module: instrumentation:module
2025-07-25T14:43:18.227Z CLI debug [observability:service]     loaded module: observability:module
2025-07-25T14:43:18.227Z CLI debug [accessibility:service]     loaded module: accessibility:module
2025-07-25T14:43:18.228Z CLI debug [ai:service]     loaded module: _0x1f4d92
2025-07-25T14:43:18.228Z CLI debug [percy:service]     loaded module: _0x35feb0
2025-07-25T14:43:18.229Z CLI debug [local:service]     loaded module: _0xe6a78a
2025-07-25T14:43:18.229Z CLI debug [appautomate:service]     loaded module: appautomate:module
2025-07-25T14:43:18.303Z CLI debug [main]     Starting main function execution
2025-07-25T14:43:18.304Z CLI debug [main]     Executing CLI
2025-07-25T14:44:28.897Z CLI debug [testhub:service]     loaded module: _0x3fb340
2025-07-25T14:44:28.898Z CLI debug [instrumentation:service]     loaded module: instrumentation:module
2025-07-25T14:44:28.898Z CLI debug [observability:service]     loaded module: observability:module
2025-07-25T14:44:28.898Z CLI debug [accessibility:service]     loaded module: accessibility:module
2025-07-25T14:44:28.899Z CLI debug [ai:service]     loaded module: _0x1f4d92
2025-07-25T14:44:28.899Z CLI debug [percy:service]     loaded module: _0x35feb0
2025-07-25T14:44:28.900Z CLI debug [local:service]     loaded module: _0xe6a78a
2025-07-25T14:44:28.900Z CLI debug [appautomate:service]     loaded module: appautomate:module
2025-07-25T14:44:28.973Z CLI debug [main]     Starting main function execution
2025-07-25T14:44:28.974Z CLI debug [main]     Executing CLI
2025-07-25T14:53:11.621Z CLI debug [testhub:service]     loaded module: _0x3fb340
2025-07-25T14:53:11.621Z CLI debug [instrumentation:service]     loaded module: instrumentation:module
2025-07-25T14:53:11.621Z CLI debug [observability:service]     loaded module: observability:module
2025-07-25T14:53:11.622Z CLI debug [accessibility:service]     loaded module: accessibility:module
2025-07-25T14:53:11.622Z CLI debug [ai:service]     loaded module: _0x1f4d92
2025-07-25T14:53:11.623Z CLI debug [percy:service]     loaded module: _0x35feb0
2025-07-25T14:53:11.624Z CLI debug [local:service]     loaded module: _0xe6a78a
2025-07-25T14:53:11.624Z CLI debug [appautomate:service]     loaded module: appautomate:module
2025-07-25T14:53:11.700Z CLI debug [main]     Starting main function execution
2025-07-25T14:53:11.701Z CLI debug [main]     Executing CLI
2025-07-25T15:35:59.841Z CLI debug [testhub:service]     loaded module: _0x3fb340
2025-07-25T15:35:59.841Z CLI debug [instrumentation:service]     loaded module: instrumentation:module
2025-07-25T15:35:59.841Z CLI debug [observability:service]     loaded module: observability:module
2025-07-25T15:35:59.842Z CLI debug [accessibility:service]     loaded module: accessibility:module
2025-07-25T15:35:59.842Z CLI debug [ai:service]     loaded module: _0x1f4d92
2025-07-25T15:35:59.843Z CLI debug [percy:service]     loaded module: _0x35feb0
2025-07-25T15:35:59.843Z CLI debug [local:service]     loaded module: _0xe6a78a
2025-07-25T15:35:59.844Z CLI debug [appautomate:service]     loaded module: appautomate:module
2025-07-25T15:35:59.921Z CLI debug [main]     Starting main function execution
2025-07-25T15:35:59.922Z CLI debug [main]     Executing CLI
2025-07-25T15:40:20.712Z CLI debug [testhub:service]     loaded module: _0x3fb340
2025-07-25T15:40:20.713Z CLI debug [instrumentation:service]     loaded module: instrumentation:module
2025-07-25T15:40:20.713Z CLI debug [observability:service]     loaded module: observability:module
2025-07-25T15:40:20.714Z CLI debug [accessibility:service]     loaded module: accessibility:module
2025-07-25T15:40:20.714Z CLI debug [ai:service]     loaded module: _0x1f4d92
2025-07-25T15:40:20.715Z CLI debug [percy:service]     loaded module: _0x35feb0
2025-07-25T15:40:20.716Z CLI debug [local:service]     loaded module: _0xe6a78a
2025-07-25T15:40:20.716Z CLI debug [appautomate:service]     loaded module: appautomate:module
2025-07-25T15:40:20.805Z CLI debug [main]     Starting main function execution
2025-07-25T15:40:20.808Z CLI debug [main]     Executing CLI
2025-07-25T15:42:41.325Z CLI debug [testhub:service]     loaded module: _0x3fb340
2025-07-25T15:42:41.326Z CLI debug [instrumentation:service]     loaded module: instrumentation:module
2025-07-25T15:42:41.326Z CLI debug [observability:service]     loaded module: observability:module
2025-07-25T15:42:41.326Z CLI debug [accessibility:service]     loaded module: accessibility:module
2025-07-25T15:42:41.327Z CLI debug [ai:service]     loaded module: _0x1f4d92
2025-07-25T15:42:41.327Z CLI debug [percy:service]     loaded module: _0x35feb0
2025-07-25T15:42:41.328Z CLI debug [local:service]     loaded module: _0xe6a78a
2025-07-25T15:42:41.328Z CLI debug [appautomate:service]     loaded module: appautomate:module
2025-07-25T15:42:41.404Z CLI debug [main]     Starting main function execution
2025-07-25T15:42:41.406Z CLI debug [main]     Executing CLI
2025-07-25T15:45:24.538Z CLI debug [testhub:service]     loaded module: _0x3fb340
2025-07-25T15:45:24.539Z CLI debug [instrumentation:service]     loaded module: instrumentation:module
2025-07-25T15:45:24.539Z CLI debug [observability:service]     loaded module: observability:module
2025-07-25T15:45:24.539Z CLI debug [accessibility:service]     loaded module: accessibility:module
2025-07-25T15:45:24.540Z CLI debug [ai:service]     loaded module: _0x1f4d92
2025-07-25T15:45:24.540Z CLI debug [percy:service]     loaded module: _0x35feb0
2025-07-25T15:45:24.541Z CLI debug [local:service]     loaded module: _0xe6a78a
2025-07-25T15:45:24.541Z CLI debug [appautomate:service]     loaded module: appautomate:module
2025-07-25T15:45:24.618Z CLI debug [main]     Starting main function execution
2025-07-25T15:45:24.619Z CLI debug [main]     Executing CLI
2025-07-25T15:48:47.567Z CLI debug [testhub:service]     loaded module: _0x3fb340
2025-07-25T15:48:47.567Z CLI debug [instrumentation:service]     loaded module: instrumentation:module
2025-07-25T15:48:47.567Z CLI debug [observability:service]     loaded module: observability:module
2025-07-25T15:48:47.568Z CLI debug [accessibility:service]     loaded module: accessibility:module
2025-07-25T15:48:47.568Z CLI debug [ai:service]     loaded module: _0x1f4d92
2025-07-25T15:48:47.568Z CLI debug [percy:service]     loaded module: _0x35feb0
2025-07-25T15:48:47.569Z CLI debug [local:service]     loaded module: _0xe6a78a
2025-07-25T15:48:47.569Z CLI debug [appautomate:service]     loaded module: appautomate:module
2025-07-25T15:48:47.642Z CLI debug [main]     Starting main function execution
2025-07-25T15:48:47.643Z CLI debug [main]     Executing CLI
2025-07-25T15:51:44.828Z CLI debug [testhub:service]     loaded module: _0x3fb340
2025-07-25T15:51:44.828Z CLI debug [instrumentation:service]     loaded module: instrumentation:module
2025-07-25T15:51:44.828Z CLI debug [observability:service]     loaded module: observability:module
2025-07-25T15:51:44.829Z CLI debug [accessibility:service]     loaded module: accessibility:module
2025-07-25T15:51:44.829Z CLI debug [ai:service]     loaded module: _0x1f4d92
2025-07-25T15:51:44.829Z CLI debug [percy:service]     loaded module: _0x35feb0
2025-07-25T15:51:44.830Z CLI debug [local:service]     loaded module: _0xe6a78a
2025-07-25T15:51:44.830Z CLI debug [appautomate:service]     loaded module: appautomate:module
2025-07-25T15:51:44.913Z CLI debug [main]     Starting main function execution
2025-07-25T15:51:44.915Z CLI debug [main]     Executing CLI
2025-07-25T16:13:54.934Z CLI debug [testhub:service]     loaded module: _0x3fb340
2025-07-25T16:13:54.934Z CLI debug [instrumentation:service]     loaded module: instrumentation:module
2025-07-25T16:13:54.935Z CLI debug [observability:service]     loaded module: observability:module
2025-07-25T16:13:54.935Z CLI debug [accessibility:service]     loaded module: accessibility:module
2025-07-25T16:13:54.935Z CLI debug [ai:service]     loaded module: _0x1f4d92
2025-07-25T16:13:54.936Z CLI debug [percy:service]     loaded module: _0x35feb0
2025-07-25T16:13:54.936Z CLI debug [local:service]     loaded module: _0xe6a78a
2025-07-25T16:13:54.937Z CLI debug [appautomate:service]     loaded module: appautomate:module
2025-07-25T16:13:55.013Z CLI debug [main]     Starting main function execution
2025-07-25T16:13:55.014Z CLI debug [main]     Executing CLI
2025-07-25T16:19:41.183Z CLI debug [testhub:service]     loaded module: _0x3fb340
2025-07-25T16:19:41.184Z CLI debug [instrumentation:service]     loaded module: instrumentation:module
2025-07-25T16:19:41.184Z CLI debug [observability:service]     loaded module: observability:module
2025-07-25T16:19:41.184Z CLI debug [accessibility:service]     loaded module: accessibility:module
2025-07-25T16:19:41.185Z CLI debug [ai:service]     loaded module: _0x1f4d92
2025-07-25T16:19:41.185Z CLI debug [percy:service]     loaded module: _0x35feb0
2025-07-25T16:19:41.186Z CLI debug [local:service]     loaded module: _0xe6a78a
2025-07-25T16:19:41.186Z CLI debug [appautomate:service]     loaded module: appautomate:module
2025-07-25T16:19:41.256Z CLI debug [main]     Starting main function execution
2025-07-25T16:19:41.258Z CLI debug [main]     Executing CLI
2025-07-25T16:34:14.702Z CLI debug [testhub:service]     loaded module: _0x3fb340
2025-07-25T16:34:14.702Z CLI debug [instrumentation:service]     loaded module: instrumentation:module
2025-07-25T16:34:14.702Z CLI debug [observability:service]     loaded module: observability:module
2025-07-25T16:34:14.703Z CLI debug [accessibility:service]     loaded module: accessibility:module
2025-07-25T16:34:14.703Z CLI debug [ai:service]     loaded module: _0x1f4d92
2025-07-25T16:34:14.703Z CLI debug [percy:service]     loaded module: _0x35feb0
2025-07-25T16:34:14.704Z CLI debug [local:service]     loaded module: _0xe6a78a
2025-07-25T16:34:14.704Z CLI debug [appautomate:service]     loaded module: appautomate:module
2025-07-25T16:34:14.780Z CLI debug [main]     Starting main function execution
2025-07-25T16:34:14.781Z CLI debug [main]     Executing CLI
2025-07-25T16:37:34.409Z CLI debug [testhub:service]     loaded module: _0x3fb340
2025-07-25T16:37:34.409Z CLI debug [instrumentation:service]     loaded module: instrumentation:module
2025-07-25T16:37:34.410Z CLI debug [observability:service]     loaded module: observability:module
2025-07-25T16:37:34.410Z CLI debug [accessibility:service]     loaded module: accessibility:module
2025-07-25T16:37:34.410Z CLI debug [ai:service]     loaded module: _0x1f4d92
2025-07-25T16:37:34.411Z CLI debug [percy:service]     loaded module: _0x35feb0
2025-07-25T16:37:34.411Z CLI debug [local:service]     loaded module: _0xe6a78a
2025-07-25T16:37:34.412Z CLI debug [appautomate:service]     loaded module: appautomate:module
2025-07-25T16:37:34.484Z CLI debug [main]     Starting main function execution
2025-07-25T16:37:34.486Z CLI debug [main]     Executing CLI
2025-07-25T16:40:49.322Z CLI debug [testhub:service]     loaded module: _0x3fb340
2025-07-25T16:40:49.323Z CLI debug [instrumentation:service]     loaded module: instrumentation:module
2025-07-25T16:40:49.323Z CLI debug [observability:service]     loaded module: observability:module
2025-07-25T16:40:49.323Z CLI debug [accessibility:service]     loaded module: accessibility:module
2025-07-25T16:40:49.323Z CLI debug [ai:service]     loaded module: _0x1f4d92
2025-07-25T16:40:49.324Z CLI debug [percy:service]     loaded module: _0x35feb0
2025-07-25T16:40:49.324Z CLI debug [local:service]     loaded module: _0xe6a78a
2025-07-25T16:40:49.325Z CLI debug [appautomate:service]     loaded module: appautomate:module
2025-07-25T16:40:49.400Z CLI debug [main]     Starting main function execution
2025-07-25T16:40:49.401Z CLI debug [main]     Executing CLI
2025-07-25T16:43:37.677Z CLI debug [testhub:service]     loaded module: _0x3fb340
2025-07-25T16:43:37.677Z CLI debug [instrumentation:service]     loaded module: instrumentation:module
2025-07-25T16:43:37.677Z CLI debug [observability:service]     loaded module: observability:module
2025-07-25T16:43:37.678Z CLI debug [accessibility:service]     loaded module: accessibility:module
2025-07-25T16:43:37.683Z CLI debug [ai:service]     loaded module: _0x1f4d92
2025-07-25T16:43:37.683Z CLI debug [percy:service]     loaded module: _0x35feb0
2025-07-25T16:43:37.685Z CLI debug [local:service]     loaded module: _0xe6a78a
2025-07-25T16:43:37.685Z CLI debug [appautomate:service]     loaded module: appautomate:module
2025-07-25T16:43:37.777Z CLI debug [main]     Starting main function execution
2025-07-25T16:43:37.781Z CLI debug [main]     Executing CLI
2025-07-25T17:07:06.447Z CLI debug [testhub:service]     loaded module: _0x3fb340
2025-07-25T17:07:06.447Z CLI debug [instrumentation:service]     loaded module: instrumentation:module
2025-07-25T17:07:06.447Z CLI debug [observability:service]     loaded module: observability:module
2025-07-25T17:07:06.448Z CLI debug [accessibility:service]     loaded module: accessibility:module
2025-07-25T17:07:06.448Z CLI debug [ai:service]     loaded module: _0x1f4d92
2025-07-25T17:07:06.448Z CLI debug [percy:service]     loaded module: _0x35feb0
2025-07-25T17:07:06.449Z CLI debug [local:service]     loaded module: _0xe6a78a
2025-07-25T17:07:06.449Z CLI debug [appautomate:service]     loaded module: appautomate:module
2025-07-25T17:07:06.550Z CLI debug [main]     Starting main function execution
2025-07-25T17:07:06.554Z CLI debug [main]     Executing CLI
2025-07-25T17:11:18.212Z CLI debug [testhub:service]     loaded module: _0x3fb340
2025-07-25T17:11:18.212Z CLI debug [instrumentation:service]     loaded module: instrumentation:module
2025-07-25T17:11:18.212Z CLI debug [observability:service]     loaded module: observability:module
2025-07-25T17:11:18.212Z CLI debug [accessibility:service]     loaded module: accessibility:module
2025-07-25T17:11:18.213Z CLI debug [ai:service]     loaded module: _0x1f4d92
2025-07-25T17:11:18.213Z CLI debug [percy:service]     loaded module: _0x35feb0
2025-07-25T17:11:18.214Z CLI debug [local:service]     loaded module: _0xe6a78a
2025-07-25T17:11:18.214Z CLI debug [appautomate:service]     loaded module: appautomate:module
2025-07-25T17:11:18.291Z CLI debug [main]     Starting main function execution
2025-07-25T17:11:18.292Z CLI debug [main]     Executing CLI
2025-07-25T17:15:30.970Z CLI debug [testhub:service]     loaded module: _0x3fb340
2025-07-25T17:15:30.970Z CLI debug [instrumentation:service]     loaded module: instrumentation:module
2025-07-25T17:15:30.970Z CLI debug [observability:service]     loaded module: observability:module
2025-07-25T17:15:30.971Z CLI debug [accessibility:service]     loaded module: accessibility:module
2025-07-25T17:15:30.971Z CLI debug [ai:service]     loaded module: _0x1f4d92
2025-07-25T17:15:30.971Z CLI debug [percy:service]     loaded module: _0x35feb0
2025-07-25T17:15:30.972Z CLI debug [local:service]     loaded module: _0xe6a78a
2025-07-25T17:15:30.972Z CLI debug [appautomate:service]     loaded module: appautomate:module
2025-07-25T17:15:31.052Z CLI debug [main]     Starting main function execution
2025-07-25T17:15:31.053Z CLI debug [main]     Executing CLI
2025-07-25T17:22:40.077Z CLI debug [testhub:service]     loaded module: _0x3fb340
2025-07-25T17:22:40.077Z CLI debug [instrumentation:service]     loaded module: instrumentation:module
2025-07-25T17:22:40.077Z CLI debug [observability:service]     loaded module: observability:module
2025-07-25T17:22:40.078Z CLI debug [accessibility:service]     loaded module: accessibility:module
2025-07-25T17:22:40.078Z CLI debug [ai:service]     loaded module: _0x1f4d92
2025-07-25T17:22:40.078Z CLI debug [percy:service]     loaded module: _0x35feb0
2025-07-25T17:22:40.079Z CLI debug [local:service]     loaded module: _0xe6a78a
2025-07-25T17:22:40.079Z CLI debug [appautomate:service]     loaded module: appautomate:module
2025-07-25T17:22:40.151Z CLI debug [main]     Starting main function execution
2025-07-25T17:22:40.152Z CLI debug [main]     Executing CLI
